*** Using Compiler 'V6.24', folder: 'D:\program\ARM\ARMCLANG\Bin'
Build target 'nor_sdram_zf_dtcm'
armclang: error: no such file or directory: '../code/user_config/robot_config.c'
armclang: error: no input files
compiling robot_config.c...
compiling zf_common_clock.c...
../code/uer_algorithm/kinematics/mecanum.c(1): warning: In file included from...../code/uer_algorithm/kinematics\mecanum.h(4): warning: In file included from...../code/user_driver\motor_driver.h(5): warning: In file included from...../code/user_config\robot_param.h(12): warning: 'PI' macro redefined [-Wmacro-redefined]
   12 | #define PI                       (314)          // 圆周率
      |         ^
../../libraries/zf_device\zf_device_gnss.h(60): note: previous definition is here
   60 | #define PI                  ( 3.1415926535898 )
      |         ^
../code/uer_algorithm/kinematics/mecanum.c(80): error: void function 'Calc_SpeedNow' should not return a value [-Wreturn-mismatch]
   80 |     if (motor_id >= 4) return 1;
      |                        ^      ~
1 warning and 1 error generated.
compiling mecanum.c...
../code/user_utils/log.c(1): warning: In file included from...../code/user_utils\log.h(4): warning: In file included from...../code/user_business\robot_control.h(4): warning: In file included from...../code/uer_algorithm/kinematics\mecanum.h(4): warning: In file included from...../code/user_driver\motor_driver.h(5): warning: In file included from...../code/user_config\robot_param.h(12): warning: 'PI' macro redefined [-Wmacro-redefined]
   12 | #define PI                       (314)          // 圆周率
      |         ^
../../libraries/zf_device\zf_device_gnss.h(60): note: previous definition is here
   60 | #define PI                  ( 3.1415926535898 )
      |         ^
1 warning generated.
compiling log.c...
armclang: error: no such file or directory: '../code/user_config/vision_config.c'
armclang: error: no input files
compiling vision_config.c...
../code/user_driver/gyroscope.c(1): warning: In file included from...../code/user_driver\gyroscope.h(5): warning: In file included from...../code/user_config\robot_param.h(12): warning: 'PI' macro redefined [-Wmacro-redefined]
   12 | #define PI                       (314)          // 圆周率
      |         ^
../../libraries/zf_device\zf_device_gnss.h(60): note: previous definition is here
   60 | #define PI                  ( 3.1415926535898 )
      |         ^
1 warning generated.
compiling gyroscope.c...
../code/user_driver/gpio.c(1): warning: In file included from...../code/user_driver\gpio.h(5): warning: In file included from...../code/user_config\robot_param.h(12): warning: 'PI' macro redefined [-Wmacro-redefined]
   12 | #define PI                       (314)          // 圆周率
      |         ^
../../libraries/zf_device\zf_device_gnss.h(60): note: previous definition is here
   60 | #define PI                  ( 3.1415926535898 )
      |         ^
../code/user_driver/gpio.c(13): error: use of undeclared identifier 'LED1'
   13 |         gpio_init(LED1, GPO, GPIO_HIGH, GPO_PUSH_PULL);
      |                   ^
1 warning and 1 error generated.
compiling gpio.c...
compiling zf_common_font.c...
../user/src/main.c(2): warning: In file included from...../code/user_driver\gpio.h(5): warning: In file included from...../code/user_config\robot_param.h(12): warning: 'PI' macro redefined [-Wmacro-redefined]
   12 | #define PI                       (314)          // 圆周率
      |         ^
../../libraries/zf_device\zf_device_gnss.h(60): note: previous definition is here
   60 | #define PI                  ( 3.1415926535898 )
      |         ^
../user/src/main.c(3): error: 'robot_config.h' file not found
    3 | #include "robot_config.h"
      |          ^~~~~~~~~~~~~~~~
1 warning and 1 error generated.
compiling main.c...
../code/user_utils/math_tools.c(1): warning: In file included from...../code/user_utils\math_tools.h(6): warning: In file included from...../code/user_config\robot_param.h(12): warning: 'PI' macro redefined [-Wmacro-redefined]
   12 | #define PI                       (314)          // 圆周率
      |         ^
../../libraries/zf_device\zf_device_gnss.h(60): note: previous definition is here
   60 | #define PI                  ( 3.1415926535898 )
      |         ^
1 warning generated.
compiling math_tools.c...
compiling zf_common_fifo.c...
../code/uer_algorithm/kinematics/odometry.c(1): warning: In file included from...../code/uer_algorithm/kinematics\odometry.h(4): warning: In file included from...../code/user_driver\motor_driver.h(5): warning: In file included from...../code/user_config\robot_param.h(12): warning: 'PI' macro redefined [-Wmacro-redefined]
   12 | #define PI                       (314)          // 圆周率
      |         ^
../../libraries/zf_device\zf_device_gnss.h(60): note: previous definition is here
   60 | #define PI                  ( 3.1415926535898 )
      |         ^
../code/uer_algorithm/kinematics/odometry.c(28): error: expected expression
   28 |     int32_t arc_length = (da * PI * WHEEL_BASE) / 18000;   
      |                                     ^
../code/user_config\robot_param.h(19): note: expanded from macro 'WHEEL_BASE'
   19 | #define WHEEL_BASE               (WHEEL_BASE_X / 2)// 旋转轴距
      |                                   ^
../code/user_config\robot_param.h(17): note: expanded from macro 'WHEEL_BASE_X'
   17 | #define WHEEL_BASE_X             ()             // 麦克纳姆轮x轴轴距(左右轮)
      |                                   ^
../code/uer_algorithm/kinematics/odometry.c(41): error: expected expression
   41 | }
      | ^
1 warning and 2 errors generated.
compiling odometry.c...
compiling zf_common_debug.c...
../code/user_driver/motor_driver.c(1): warning: In file included from...../code/user_driver\motor_driver.h(5): warning: In file included from...../code/user_config\robot_param.h(12): warning: 'PI' macro redefined [-Wmacro-redefined]
   12 | #define PI                       (314)          // 圆周率
      |         ^
../../libraries/zf_device\zf_device_gnss.h(60): note: previous definition is here
   60 | #define PI                  ( 3.1415926535898 )
      |         ^
../code/user_driver/motor_driver.c(132): error: redefinition of 'change_pos_now'
  132 | void change_pos_now(MotorID motor_id, int32_t speed)
      |      ^
../code/user_driver/motor_driver.c(112): note: previous definition is here
  112 | void change_pos_now(MotorID motor_id, int32_t position)
      |      ^
../code/user_driver/motor_driver.c(152): error: redefinition of 'change_speed_target'
  152 | void change_speed_target(MotorID motor_id, int32_t position)
      |      ^
../code/user_driver/motor_driver.c(142): note: previous definition is here
  142 | void change_speed_target(MotorID motor_id, int32_t speed)
      |      ^
1 warning and 2 errors generated.
compiling motor_driver.c...
../code/user_driver/encoder.c(1): warning: In file included from...../code/user_driver\encoder.h(5): warning: In file included from...../code/user_driver\motor_driver.h(5): warning: In file included from...../code/user_config\robot_param.h(12): warning: 'PI' macro redefined [-Wmacro-redefined]
   12 | #define PI                       (314)          // 圆周率
      |         ^
../../libraries/zf_device\zf_device_gnss.h(60): note: previous definition is here
   60 | #define PI                  ( 3.1415926535898 )
      |         ^
1 warning generated.
compiling encoder.c...
../code/uer_algorithm/pid/speed_pid.c(1): warning: In file included from...../code/uer_algorithm/pid\speed_pid.h(4): warning: In file included from...../code/user_driver\motor_driver.h(5): warning: In file included from...../code/user_config\robot_param.h(12): warning: 'PI' macro redefined [-Wmacro-redefined]
   12 | #define PI                       (314)          // 圆周率
      |         ^
../../libraries/zf_device\zf_device_gnss.h(60): note: previous definition is here
   60 | #define PI                  ( 3.1415926535898 )
      |         ^
../code/uer_algorithm/pid/speed_pid.c(15): error: call to undeclared function 'motor_update_speed'; ISO C99 and later do not support implicit function declarations [-Wimplicit-function-declaration]
   15 |     motor_update_speed(motor_id);
      |     ^
../code/uer_algorithm/pid/speed_pid.c(30): error: call to undeclared function 'LIMIT_ABS'; ISO C99 and later do not support implicit function declarations [-Wimplicit-function-declaration]
   30 |     g_speed_pid[motor_id].integral = LIMIT_ABS(g_speed_pid[motor_id].integral, SPEED_PID_I_LIMIT);
      |                                      ^
1 warning and 2 errors generated.
compiling speed_pid.c...
../code/uer_algorithm/pid/position_pid.c(1): warning: In file included from...../code/uer_algorithm/pid\position_pid.h(4): warning: In file included from...../code/uer_algorithm/pid\speed_pid.h(4): warning: In file included from...../code/user_driver\motor_driver.h(5): warning: In file included from...../code/user_config\robot_param.h(12): warning: 'PI' macro redefined [-Wmacro-redefined]
   12 | #define PI                       (314)          // 圆周率
      |         ^
../../libraries/zf_device\zf_device_gnss.h(60): note: previous definition is here
   60 | #define PI                  ( 3.1415926535898 )
      |         ^
../code/uer_algorithm/pid/position_pid.c(4): error: unknown type name 'PID_Params_t'
    4 | PID_Params_t g_pos_pid_params[MOTOR_MAX] = {0};
      | ^
../code/uer_algorithm/pid/position_pid.c(5): error: unknown type name 'PID_Pos_State_t'
    5 | PID_Pos_State_t g_pos_pid_state[MOTOR_MAX] = {0};
      | ^
../code/uer_algorithm/pid/position_pid.c(6): error: unknown type name 'Vehicle_Pos_t'
    6 | Vehicle_Pos_t g_vehicle_pos = {0};
      | ^
../code/uer_algorithm/pid/position_pid.c(7): error: unknown type name 'PID_Params_t'
    7 | const PID_Params_t g_default_pos_pid = {2.0f, 0.1f, 0.5f, 100};
      |       ^
../code/uer_algorithm/pid/position_pid.c(20): error: use of undeclared identifier 'PID_Pos_State_t'
   20 |         memset(&g_pos_pid_state[i], 0, sizeof(PID_Pos_State_t));
      |                                               ^
../code/uer_algorithm/pid/position_pid.c(36): error: call to undeclared function 'PULSE_TO_MM'; ISO C99 and later do not support implicit function declarations [-Wimplicit-function-declaration]
   36 |     float fl_mm = PULSE_TO_MM(g_motor[MOTOR_LF].pos_now);
      |                   ^
../code/uer_algorithm/pid/position_pid.c(71): error: use of undeclared identifier 'PID_Params_t'
   71 |     PID_Params_t *pid_params = &g_pos_pid_params[motor_id];
      |     ^
../code/uer_algorithm/pid/position_pid.c(71): error: use of undeclared identifier 'pid_params'
   71 |     PID_Params_t *pid_params = &g_pos_pid_params[motor_id];
      |                   ^
../code/uer_algorithm/pid/position_pid.c(72): error: use of undeclared identifier 'PID_Pos_State_t'
   72 |     PID_Pos_State_t *pid_state = &g_pos_pid_state[motor_id];
      |     ^
../code/uer_algorithm/pid/position_pid.c(72): error: use of undeclared identifier 'pid_state'
   72 |     PID_Pos_State_t *pid_state = &g_pos_pid_state[motor_id];
      |                      ^
../code/uer_algorithm/pid/position_pid.c(76): error: use of undeclared identifier 'pid_state'
   76 |     pid_state->err = motor->pos_target - motor->pos_now;
      |     ^
../code/uer_algorithm/pid/position_pid.c(79): error: use of undeclared identifier 'pid_state'
   79 |     if(abs(pid_state->err) < POS_ZERO_OFFSET)
      |            ^
../code/uer_algorithm/pid/position_pid.c(81): error: use of undeclared identifier 'pid_state'
   81 |         pid_state->err = 0;
      |         ^
../code/uer_algorithm/pid/position_pid.c(82): error: use of undeclared identifier 'pid_state'
   82 |         pid_state->output = 0;
      |         ^
../code/uer_algorithm/pid/position_pid.c(83): error: call to undeclared function 'motor_set_speed_target'; ISO C99 and later do not support implicit function declarations [-Wimplicit-function-declaration]
   83 |         motor_set_speed_target(motor_id, 0);
      |         ^
../code/uer_algorithm/pid/position_pid.c(83): note: did you mean 'motor_set_pos_target'?
../code/uer_algorithm/pid/position_pid.c(51): note: 'motor_set_pos_target' declared here
   51 | void motor_set_pos_target(MotorID motor_id, int32_t pos)
      |      ^
../code/uer_algorithm/pid/position_pid.c(88): error: use of undeclared identifier 'pid_state'
   88 |     pid_state->err_sum += pid_state->err * PID_CONTROL_PERIOD / 1000.0f;
      |     ^
../code/uer_algorithm/pid/position_pid.c(88): error: use of undeclared identifier 'pid_state'
   88 |     pid_state->err_sum += pid_state->err * PID_CONTROL_PERIOD / 1000.0f;
      |                           ^
../code/uer_algorithm/pid/position_pid.c(89): error: use of undeclared identifier 'pid_state'
   89 |     pid_state->err_sum = LIMIT_ABS(pid_state->err_sum, pid_params->i_limit);
      |     ^
../code/uer_algorithm/pid/position_pid.c(89): error: call to undeclared function 'LIMIT_ABS'; ISO C99 and later do not support implicit function declarations [-Wimplicit-function-declaration]
   89 |     pid_state->err_sum = LIMIT_ABS(pid_state->err_sum, pid_params->i_limit);
      |                          ^
fatal error: too many errors emitted, stopping now [-ferror-limit=]
1 warning and 20 errors generated.
compiling position_pid.c...
../code/user_driver/bluetooth.c(1): warning: In file included from...../code/user_driver\bluetooth.h(6): warning: In file included from...../code/user_config\robot_param.h(12): warning: 'PI' macro redefined [-Wmacro-redefined]
   12 | #define PI                       (314)          // 圆周率
      |         ^
../../libraries/zf_device\zf_device_gnss.h(60): note: previous definition is here
   60 | #define PI                  ( 3.1415926535898 )
      |         ^
1 warning generated.
compiling bluetooth.c...
../code/user_business/robot_control.c(1): warning: In file included from...../code/user_business\robot_control.h(4): warning: In file included from...../code/uer_algorithm/kinematics\mecanum.h(4): warning: In file included from...../code/user_driver\motor_driver.h(5): warning: In file included from...../code/user_config\robot_param.h(12): warning: 'PI' macro redefined [-Wmacro-redefined]
   12 | #define PI                       (314)          // 圆周率
      |         ^
../../libraries/zf_device\zf_device_gnss.h(60): note: previous definition is here
   60 | #define PI                  ( 3.1415926535898 )
      |         ^
../code/user_business/robot_control.c(5): error: use of undeclared identifier 'SPEED_MAX_LIMIT'
    5 | int32_t g_adaptive_max_speed = SPEED_MAX_LIMIT;
      |                                ^
../code/user_business/robot_control.c(15): error: call to undeclared function 'Encoder_Init'; ISO C99 and later do not support implicit function declarations [-Wimplicit-function-declaration]
   15 |     Encoder_Init();
      |     ^
../code/user_business/robot_control.c(16): error: call to undeclared function 'speed_pid_init'; ISO C99 and later do not support implicit function declarations [-Wimplicit-function-declaration]
   16 |     speed_pid_init();
      |     ^
../code/user_business/robot_control.c(17): error: call to undeclared function 'pos_pid_init'; ISO C99 and later do not support implicit function declarations [-Wimplicit-function-declaration]
   17 |     pos_pid_init();
      |     ^
../code/user_business/robot_control.c(21): error: use of undeclared identifier 'SPEED_MAX_LIMIT'
   21 |     g_vehicle_ctrl.global_speed = SPEED_MAX_LIMIT;
      |                                   ^
../code/user_business/robot_control.c(27): error: use of undeclared identifier 'SPEED_MAX_LIMIT'
   27 |     g_adaptive_max_speed = SPEED_MAX_LIMIT;
      |                            ^
../code/user_business/robot_control.c(31): error: call to undeclared function 'mecanum_stop'; ISO C99 and later do not support implicit function declarations [-Wimplicit-function-declaration]
   31 |     mecanum_stop();
      |     ^
../code/user_business/robot_control.c(43): error: call to undeclared function 'calc_vehicle_position'; ISO C99 and later do not support implicit function declarations [-Wimplicit-function-declaration]
   43 |     calc_vehicle_position();
      |     ^
../code/user_business/robot_control.c(46): error: call to undeclared function 'check_pos_arrived'; ISO C99 and later do not support implicit function declarations [-Wimplicit-function-declaration]
   46 |     if(g_vehicle_ctrl.move_state == MOVE_STATE_RUNNING && check_pos_arrived())
      |                                                           ^
../code/user_business/robot_control.c(48): error: call to undeclared function 'mecanum_stop'; ISO C99 and later do not support implicit function declarations [-Wimplicit-function-declaration]
   48 |         mecanum_stop();
      |         ^
../code/user_business/robot_control.c(59): error: call to undeclared function 'pos_pid_calc'; ISO C99 and later do not support implicit function declarations [-Wimplicit-function-declaration]
   59 |             pos_pid_calc((MotorID)i);
      |             ^
../code/user_business/robot_control.c(65): error: call to undeclared function 'speed_pid_calc'; ISO C99 and later do not support implicit function declarations [-Wimplicit-function-declaration]
   65 |             int32_t pwm = speed_pid_calc((MotorID)i);
      |                           ^
../code/user_business/robot_control.c(76): error: call to undeclared function 'mecanum_stop'; ISO C99 and later do not support implicit function declarations [-Wimplicit-function-declaration]
   76 |     mecanum_stop();
      |     ^
1 warning and 13 errors generated.
compiling robot_control.c...
compiling zf_common_interrupt.c...
compiling zf_common_function.c...
compiling zf_common_vector.c...
compiling zf_driver_adc.c...
compiling zf_driver_csi.c...
compiling zf_driver_exti.c...
compiling zf_driver_encoder.c...
compiling zf_driver_delay.c...
compiling zf_driver_flash.c...
compiling zf_driver_gpio.c...
compiling zf_driver_flexio_csi.c...
compiling zf_driver_pit.c...
compiling zf_driver_iic.c...
compiling zf_driver_pwm.c...
compiling zf_driver_romapi.c...
compiling zf_driver_sdio.c...
compiling zf_driver_soft_iic.c...
compiling zf_driver_soft_spi.c...
compiling zf_driver_timer.c...
compiling zf_driver_spi.c...
compiling zf_device_bluetooth_ch9141.c...
compiling zf_device_absolute_encoder.c...
compiling zf_driver_uart.c...
compiling zf_driver_usb_cdc.c...
compiling zf_device_camera.c...
compiling zf_device_icm20602.c...
compiling zf_device_imu963ra.c...
compiling zf_device_imu660ra.c...
compiling zf_device_ips114.c...
compiling zf_device_ips200.c...
compiling zf_device_key.c...
compiling zf_device_mpu6050.c...
compiling zf_device_mt9v03x.c...
compiling zf_device_mt9v03x_flexio.c...
compiling zf_device_oled.c...
compiling zf_device_ov7725.c...
compiling zf_device_scc8660.c...
compiling zf_device_scc8660_flexio.c...
compiling zf_device_tft180.c...
compiling zf_device_tsl1401.c...
compiling zf_device_type.c...
compiling zf_device_virtual_oscilloscope.c...
compiling zf_device_wifi_uart.c...
compiling zf_device_wireless_uart.c...
compiling zf_device_dl1a.c...
compiling zf_device_dl1b.c...
compiling zf_device_wifi_spi.c...
compiling zf_device_gnss.c...
compiling zf_device_ble6a20.c...
compiling seekfree_assistant.c...
compiling seekfree_assistant_interface.c...
compiling fsl_adc.c...
compiling fsl_adc_etc.c...
compiling fsl_aipstz.c...
compiling fsl_aoi.c...
compiling fsl_bee.c...
compiling fsl_cache.c...
compiling fsl_clock.c...
compiling fsl_cmp.c...
compiling fsl_common.c...
compiling fsl_common_arm.c...
compiling fsl_csi.c...
compiling fsl_dcdc.c...
compiling fsl_dcp.c...
compiling fsl_dmamux.c...
compiling fsl_edma.c...
compiling fsl_elcdif.c...
compiling fsl_enc.c...
compiling fsl_enet.c...
compiling fsl_ewm.c...
compiling fsl_flexcan.c...
compiling fsl_flexcan_edma.c...
compiling fsl_flexio.c...
compiling fsl_flexio_camera.c...
compiling fsl_flexio_camera_edma.c...
compiling fsl_flexio_i2c_master.c...
compiling fsl_flexio_i2s.c...
compiling fsl_flexio_i2s_edma.c...
compiling fsl_flexio_mculcd.c...
compiling fsl_flexio_mculcd_edma.c...
compiling fsl_flexio_spi.c...
compiling fsl_flexio_spi_edma.c...
compiling fsl_flexio_uart.c...
compiling fsl_flexio_uart_edma.c...
compiling fsl_flexram.c...
compiling fsl_flexram_allocate.c...
compiling fsl_flexspi.c...
compiling fsl_gpc.c...
compiling fsl_gpio.c...
compiling fsl_gpt.c...
compiling fsl_kpp.c...
compiling fsl_lpi2c.c...
compiling fsl_lpi2c_edma.c...
compiling fsl_lpspi.c...
compiling fsl_lpspi_edma.c...
compiling fsl_lpuart.c...
compiling fsl_lpuart_edma.c...
compiling fsl_ocotp.c...
compiling fsl_pit.c...
compiling fsl_pmu.c...
compiling fsl_pwm.c...
compiling fsl_pxp.c...
compiling fsl_qtmr.c...
compiling fsl_rtwdog.c...
compiling fsl_sai.c...
compiling fsl_sai_edma.c...
compiling fsl_semc.c...
compiling fsl_snvs_hp.c...
compiling fsl_snvs_lp.c...
compiling fsl_spdif.c...
compiling fsl_spdif_edma.c...
compiling fsl_src.c...
compiling fsl_tempmon.c...
compiling fsl_trng.c...
compiling fsl_tsc.c...
compiling fsl_usdhc.c...
compiling fsl_wdog.c...
compiling fsl_xbara.c...
compiling fsl_xbarb.c...
compiling board.c...
compiling clock_config.c...
compiling fsl_flexspi_nor_boot.c...
compiling evkmimxrt1064_sdram_ini_dcd.c...
compiling evkmimxrt1064_flexspi_nor_config.c...
compiling system_MIMXRT1064.c...
compiling fsl_assert.c...
compiling fsl_os_abstraction_bm.c...
compiling fsl_component_generic_list.c...
compiling fsl_adapter_lpuart.c...
../../libraries/sdk/utilities/debug_console/fsl_debug_console.c(1628): warning: use of infinity is undefined behavior due to the currently enabled floating-point options [-Wnan-infinity-disabled]
 1628 |                     if ((fnum >= HUGE_VAL) || (fnum <= -HUGE_VAL))
      |                                  ^~~~~~~~
D:\program\ARM\ARMCLANG\bin\..\include\math.h(285): note: expanded from macro 'HUGE_VAL'
  285 | # define HUGE_VAL __builtin_inf()
      |                   ^~~~~~~~~~~~~~~
../../libraries/sdk/utilities/debug_console/fsl_debug_console.c(1628): warning: use of infinity is undefined behavior due to the currently enabled floating-point options [-Wnan-infinity-disabled]
 1628 |                     if ((fnum >= HUGE_VAL) || (fnum <= -HUGE_VAL))
      |                                                         ^~~~~~~~
D:\program\ARM\ARMCLANG\bin\..\include\math.h(285): note: expanded from macro 'HUGE_VAL'
  285 | # define HUGE_VAL __builtin_inf()
      |                   ^~~~~~~~~~~~~~~
2 warnings generated.
compiling fsl_debug_console.c...
compiling diskio.c...
compiling ff.c...
compiling ffsystem.c...
compiling ffunicode.c...
compiling fsl_sd_disk.c...
compiling sdmmc_config.c...
compiling fsl_sdmmc_common.c...
compiling fsl_sdmmc_host.c...
compiling fsl_sdmmc_osa.c...
compiling fsl_sd.c...
compiling usb_device_ehci.c...
compiling usb_phy.c...
compiling usb_device_dci.c...
compiling usb_device_cdc_acm.c...
compiling usb_device_ch9.c...
compiling usb_device_class.c...
compiling usb_device_descriptor.c...
".\Objects\rt1064.axf" - 45 Error(s), 15 Warning(s).
Target not created.
Build Time Elapsed:  00:00:25
